0 info it worked if it ends with ok
1 verbose cli [ '/usr/bin/node', '/usr/bin/npm', 'install' ]
2 info using npm@1.4.28
3 info using node@v0.10.37
4 verbose node symlink /usr/bin/node
5 verbose readDependencies using package.json deps
6 verbose install where, deps [ '/home/wolfram/www/hw7',
6 verbose install   [ 'gulp-clean',
6 verbose install     'gulp-concat',
6 verbose install     'gulp',
6 verbose install     'gulp-uglify',
6 verbose install     'less',
6 verbose install     'gulp-less',
6 verbose install     'bower' ] ]
7 info preinstall hw7@0.0.0
8 verbose readDependencies using package.json deps
9 verbose cache add [ 'gulp-concat@~2.6.0', null ]
10 verbose cache add name=undefined spec="gulp-concat@~2.6.0" args=["gulp-concat@~2.6.0",null]
11 verbose parsed url { protocol: null,
11 verbose parsed url   slashes: null,
11 verbose parsed url   auth: null,
11 verbose parsed url   host: null,
11 verbose parsed url   port: null,
11 verbose parsed url   hostname: null,
11 verbose parsed url   hash: null,
11 verbose parsed url   search: null,
11 verbose parsed url   query: null,
11 verbose parsed url   pathname: 'gulp-concat@~2.6.0',
11 verbose parsed url   path: 'gulp-concat@~2.6.0',
11 verbose parsed url   href: 'gulp-concat@~2.6.0' }
12 verbose cache add [ 'gulp@~3.9.0', null ]
13 verbose cache add name=undefined spec="gulp@~3.9.0" args=["gulp@~3.9.0",null]
14 verbose parsed url { protocol: null,
14 verbose parsed url   slashes: null,
14 verbose parsed url   auth: null,
14 verbose parsed url   host: null,
14 verbose parsed url   port: null,
14 verbose parsed url   hostname: null,
14 verbose parsed url   hash: null,
14 verbose parsed url   search: null,
14 verbose parsed url   query: null,
14 verbose parsed url   pathname: 'gulp@~3.9.0',
14 verbose parsed url   path: 'gulp@~3.9.0',
14 verbose parsed url   href: 'gulp@~3.9.0' }
15 verbose cache add [ 'gulp-uglify@~1.5.1', null ]
16 verbose cache add name=undefined spec="gulp-uglify@~1.5.1" args=["gulp-uglify@~1.5.1",null]
17 verbose parsed url { protocol: null,
17 verbose parsed url   slashes: null,
17 verbose parsed url   auth: null,
17 verbose parsed url   host: null,
17 verbose parsed url   port: null,
17 verbose parsed url   hostname: null,
17 verbose parsed url   hash: null,
17 verbose parsed url   search: null,
17 verbose parsed url   query: null,
17 verbose parsed url   pathname: 'gulp-uglify@~1.5.1',
17 verbose parsed url   path: 'gulp-uglify@~1.5.1',
17 verbose parsed url   href: 'gulp-uglify@~1.5.1' }
18 verbose cache add name="gulp-concat" spec="~2.6.0" args=["gulp-concat","~2.6.0"]
19 verbose parsed url { protocol: null,
19 verbose parsed url   slashes: null,
19 verbose parsed url   auth: null,
19 verbose parsed url   host: null,
19 verbose parsed url   port: null,
19 verbose parsed url   hostname: null,
19 verbose parsed url   hash: null,
19 verbose parsed url   search: null,
19 verbose parsed url   query: null,
19 verbose parsed url   pathname: '~2.6.0',
19 verbose parsed url   path: '~2.6.0',
19 verbose parsed url   href: '~2.6.0' }
20 verbose addNamed [ 'gulp-concat', '~2.6.0' ]
21 verbose addNamed [ null, '>=2.6.0-0 <2.7.0-0' ]
22 verbose cache add name="gulp" spec="~3.9.0" args=["gulp","~3.9.0"]
23 verbose parsed url { protocol: null,
23 verbose parsed url   slashes: null,
23 verbose parsed url   auth: null,
23 verbose parsed url   host: null,
23 verbose parsed url   port: null,
23 verbose parsed url   hostname: null,
23 verbose parsed url   hash: null,
23 verbose parsed url   search: null,
23 verbose parsed url   query: null,
23 verbose parsed url   pathname: '~3.9.0',
23 verbose parsed url   path: '~3.9.0',
23 verbose parsed url   href: '~3.9.0' }
24 verbose addNamed [ 'gulp', '~3.9.0' ]
25 verbose addNamed [ null, '>=3.9.0-0 <3.10.0-0' ]
26 verbose cache add [ 'less@~2.5.3', null ]
27 verbose cache add name=undefined spec="less@~2.5.3" args=["less@~2.5.3",null]
28 verbose parsed url { protocol: null,
28 verbose parsed url   slashes: null,
28 verbose parsed url   auth: null,
28 verbose parsed url   host: null,
28 verbose parsed url   port: null,
28 verbose parsed url   hostname: null,
28 verbose parsed url   hash: null,
28 verbose parsed url   search: null,
28 verbose parsed url   query: null,
28 verbose parsed url   pathname: 'less@~2.5.3',
28 verbose parsed url   path: 'less@~2.5.3',
28 verbose parsed url   href: 'less@~2.5.3' }
29 verbose cache add name="gulp-uglify" spec="~1.5.1" args=["gulp-uglify","~1.5.1"]
30 verbose parsed url { protocol: null,
30 verbose parsed url   slashes: null,
30 verbose parsed url   auth: null,
30 verbose parsed url   host: null,
30 verbose parsed url   port: null,
30 verbose parsed url   hostname: null,
30 verbose parsed url   hash: null,
30 verbose parsed url   search: null,
30 verbose parsed url   query: null,
30 verbose parsed url   pathname: '~1.5.1',
30 verbose parsed url   path: '~1.5.1',
30 verbose parsed url   href: '~1.5.1' }
31 verbose addNamed [ 'gulp-uglify', '~1.5.1' ]
32 verbose addNamed [ null, '>=1.5.1-0 <1.6.0-0' ]
33 verbose cache add [ 'gulp-less@~3.0.5', null ]
34 verbose cache add name=undefined spec="gulp-less@~3.0.5" args=["gulp-less@~3.0.5",null]
35 verbose parsed url { protocol: null,
35 verbose parsed url   slashes: null,
35 verbose parsed url   auth: null,
35 verbose parsed url   host: null,
35 verbose parsed url   port: null,
35 verbose parsed url   hostname: null,
35 verbose parsed url   hash: null,
35 verbose parsed url   search: null,
35 verbose parsed url   query: null,
35 verbose parsed url   pathname: 'gulp-less@~3.0.5',
35 verbose parsed url   path: 'gulp-less@~3.0.5',
35 verbose parsed url   href: 'gulp-less@~3.0.5' }
36 verbose cache add name="less" spec="~2.5.3" args=["less","~2.5.3"]
37 verbose parsed url { protocol: null,
37 verbose parsed url   slashes: null,
37 verbose parsed url   auth: null,
37 verbose parsed url   host: null,
37 verbose parsed url   port: null,
37 verbose parsed url   hostname: null,
37 verbose parsed url   hash: null,
37 verbose parsed url   search: null,
37 verbose parsed url   query: null,
37 verbose parsed url   pathname: '~2.5.3',
37 verbose parsed url   path: '~2.5.3',
37 verbose parsed url   href: '~2.5.3' }
38 verbose addNamed [ 'less', '~2.5.3' ]
39 verbose addNamed [ null, '>=2.5.3-0 <2.6.0-0' ]
40 silly lockFile 50ed20d1-less-2-5-3 less@~2.5.3
41 verbose lock less@~2.5.3 /home/wolfram/.npm/50ed20d1-less-2-5-3.lock
42 verbose cache add [ 'bower@~1.4.2', null ]
43 verbose cache add name=undefined spec="bower@~1.4.2" args=["bower@~1.4.2",null]
44 verbose parsed url { protocol: null,
44 verbose parsed url   slashes: null,
44 verbose parsed url   auth: null,
44 verbose parsed url   host: null,
44 verbose parsed url   port: null,
44 verbose parsed url   hostname: null,
44 verbose parsed url   hash: null,
44 verbose parsed url   search: null,
44 verbose parsed url   query: null,
44 verbose parsed url   pathname: 'bower@~1.4.2',
44 verbose parsed url   path: 'bower@~1.4.2',
44 verbose parsed url   href: 'bower@~1.4.2' }
45 verbose cache add [ 'gulp-clean@~0.3.1', null ]
46 verbose cache add name=undefined spec="gulp-clean@~0.3.1" args=["gulp-clean@~0.3.1",null]
47 verbose parsed url { protocol: null,
47 verbose parsed url   slashes: null,
47 verbose parsed url   auth: null,
47 verbose parsed url   host: null,
47 verbose parsed url   port: null,
47 verbose parsed url   hostname: null,
47 verbose parsed url   hash: null,
47 verbose parsed url   search: null,
47 verbose parsed url   query: null,
47 verbose parsed url   pathname: 'gulp-clean@~0.3.1',
47 verbose parsed url   path: 'gulp-clean@~0.3.1',
47 verbose parsed url   href: 'gulp-clean@~0.3.1' }
48 verbose cache add name="gulp-less" spec="~3.0.5" args=["gulp-less","~3.0.5"]
49 verbose parsed url { protocol: null,
49 verbose parsed url   slashes: null,
49 verbose parsed url   auth: null,
49 verbose parsed url   host: null,
49 verbose parsed url   port: null,
49 verbose parsed url   hostname: null,
49 verbose parsed url   hash: null,
49 verbose parsed url   search: null,
49 verbose parsed url   query: null,
49 verbose parsed url   pathname: '~3.0.5',
49 verbose parsed url   path: '~3.0.5',
49 verbose parsed url   href: '~3.0.5' }
50 verbose addNamed [ 'gulp-less', '~3.0.5' ]
51 verbose addNamed [ null, '>=3.0.5-0 <3.1.0-0' ]
52 silly lockFile ff558492-gulp-less-3-0-5 gulp-less@~3.0.5
53 verbose lock gulp-less@~3.0.5 /home/wolfram/.npm/ff558492-gulp-less-3-0-5.lock
54 verbose cache add name="bower" spec="~1.4.2" args=["bower","~1.4.2"]
55 verbose parsed url { protocol: null,
55 verbose parsed url   slashes: null,
55 verbose parsed url   auth: null,
55 verbose parsed url   host: null,
55 verbose parsed url   port: null,
55 verbose parsed url   hostname: null,
55 verbose parsed url   hash: null,
55 verbose parsed url   search: null,
55 verbose parsed url   query: null,
55 verbose parsed url   pathname: '~1.4.2',
55 verbose parsed url   path: '~1.4.2',
55 verbose parsed url   href: '~1.4.2' }
56 verbose addNamed [ 'bower', '~1.4.2' ]
57 verbose addNamed [ null, '>=1.4.2-0 <1.5.0-0' ]
58 silly lockFile 02250acc-bower-1-4-2 bower@~1.4.2
59 verbose lock bower@~1.4.2 /home/wolfram/.npm/02250acc-bower-1-4-2.lock
60 verbose cache add name="gulp-clean" spec="~0.3.1" args=["gulp-clean","~0.3.1"]
61 verbose parsed url { protocol: null,
61 verbose parsed url   slashes: null,
61 verbose parsed url   auth: null,
61 verbose parsed url   host: null,
61 verbose parsed url   port: null,
61 verbose parsed url   hostname: null,
61 verbose parsed url   hash: null,
61 verbose parsed url   search: null,
61 verbose parsed url   query: null,
61 verbose parsed url   pathname: '~0.3.1',
61 verbose parsed url   path: '~0.3.1',
61 verbose parsed url   href: '~0.3.1' }
62 verbose addNamed [ 'gulp-clean', '~0.3.1' ]
63 verbose addNamed [ null, '>=0.3.1-0 <0.4.0-0' ]
64 silly lockFile 2f3c3105-gulp-clean-0-3-1 gulp-clean@~0.3.1
65 verbose lock gulp-clean@~0.3.1 /home/wolfram/.npm/2f3c3105-gulp-clean-0-3-1.lock
66 silly lockFile 50ed20d1-less-2-5-3 less@~2.5.3
67 error Error: Attempt to unlock less@~2.5.3, which hasn't been locked
67 error     at unlock (/usr/lib/node_modules/npm/lib/utils/locker.js:44:11)
67 error     at cb (/usr/lib/node_modules/npm/lib/cache/add-named.js:32:5)
67 error     at /usr/lib/node_modules/npm/lib/cache/add-named.js:41:20
67 error     at /usr/lib/node_modules/npm/lib/utils/locker.js:30:7
67 error     at cb (/usr/lib/node_modules/npm/node_modules/lockfile/lockfile.js:149:38)
67 error     at /usr/lib/node_modules/npm/node_modules/lockfile/lockfile.js:177:38
67 error     at Object.oncomplete (fs.js:108:15)
68 error If you need help, you may report this *entire* log,
68 error including the npm and node versions, at:
68 error     <http://github.com/npm/npm/issues>
69 error System Linux 4.3-0.dmz.2-liquorix-amd64
70 error command "/usr/bin/node" "/usr/bin/npm" "install"
71 error cwd /home/wolfram/www/hw7
72 error node -v v0.10.37
73 error npm -v 1.4.28
74 verbose exit [ 1, true ]
